|SourceProjectName:OpMan.hpr
|DestinationProjectName:index.html
index_hha.hhk
index.hhc
index.hhk
MaintMan_Errors.htm
OpMan\OpMan\Auto_Execute_-_Info_view.htm
OpMan\OpMan\Auto_Execute_-_Position_view.htm
OpMan\OpMan\AUTO_Mode.htm
OpMan\OpMan\Auto_Postamble.htm
OpMan\OpMan\Automatic_Operation.htm
OpMan\OpMan\Backflush.htm
OpMan\OpMan\Commands.htm
OpMan\OpMan\Console_Mode_Operation.htm
OpMan\OpMan\Conventions_Used_In_the_User_Training.htm
OpMan\OpMan\Conventions_Used_In_the_User_Training1.htm
OpMan\OpMan\Daily_Maintenance_Checks.htm
OpMan\OpMan\Dielectric_Fluid_Plant.htm
OpMan\OpMan\Dielectric_Plant.htm
OpMan\OpMan\Dielectric_Plant_Control_Panel_and_Mimic_Panel.htm
OpMan\OpMan\Dielectric_System.htm
OpMan\OpMan\Dump_Discharge.htm
OpMan\OpMan\E_stop.htm
OpMan\OpMan\EDT_Machine_General_Description.htm
OpMan\OpMan\EDT_Machine_Hardware_Overview.htm
OpMan\OpMan\EDT_Machine_referencing_and_settings.htm
OpMan\OpMan\Electrical_Cabinets.htm
OpMan\OpMan\Emergency_Safety_Operations.htm
OpMan\OpMan\Fault_Reporting_and_Help.htm
OpMan\OpMan\Filter.htm
OpMan\OpMan\Filtering_Operations.htm
OpMan\OpMan\Fire_system.htm
OpMan\OpMan\Fume_Extraction.htm
OpMan\OpMan\Handling_Tank_Changeover.htm
OpMan\OpMan\Help.htm
OpMan\OpMan\Iconography.htm
OpMan\OpMan\Iconography1.htm
OpMan\OpMan\Iconography2.htm
OpMan\OpMan\Iconography3.htm
OpMan\OpMan\Iconography4.htm
OpMan\OpMan\Illustrated_Operation.htm
OpMan\OpMan\Indicators.htm
OpMan\OpMan\Installation_Overview.htm
OpMan\OpMan\Introduction.htm
OpMan\OpMan\Introduction1.htm
OpMan\OpMan\Loading_Reloading_and_Unloading_View.htm
OpMan\OpMan\Machine_Environment.htm
OpMan\OpMan\Manual_activation.htm
OpMan\OpMan\Manual_and_AUTO_modes.htm
OpMan\OpMan\Manual_Mode.htm
OpMan\OpMan\Measuring_the_Roll_Surface_Texture.htm
OpMan\OpMan\Menu_Structure.htm
OpMan\OpMan\Mix.htm
OpMan\OpMan\Navigating_Modes.htm
OpMan\OpMan\Normal_Daily_Operation_Cycle.htm
OpMan\OpMan\Number_colouring.htm
OpMan\OpMan\Operating_sequence.htm
OpMan\OpMan\Operating_the_machine_in_Console_Mode.htm
OpMan\OpMan\Operator_Console.htm
OpMan\OpMan\Operator_Console1.htm
OpMan\OpMan\Other_User_interface_conventions.htm
OpMan\OpMan\Positions_and_Negative_Positive_directions_of_travel.htm
OpMan\OpMan\Principles_and_General_Description.htm
OpMan\OpMan\Program_Selection_Auto_pre-amble.htm
OpMan\OpMan\Ready.htm
OpMan\OpMan\Results_viewer.htm
OpMan\OpMan\Roll_Manipulator.htm
OpMan\OpMan\Roughness_parameters_as_defined_in_ISO_4287.htm
OpMan\OpMan\Schematic_P_ID.htm
OpMan\OpMan\Screen_Layout.htm
OpMan\OpMan\Selecting_Load_Mode.htm
OpMan\OpMan\Selection_buttons.htm
OpMan\OpMan\Semi-Auto_Operation.htm
OpMan\OpMan\Semi-Auto_Prerequisites.htm
OpMan\OpMan\Semi-Auto_Sequence.htm
OpMan\OpMan\Semi-auto_set_points.htm
OpMan\OpMan\Statistical_surveys.htm
OpMan\OpMan\Steadies.htm
OpMan\OpMan\Table_describing_modal_buttons_on_User_Pendant.htm
OpMan\OpMan\Taking_measurements_periodically.htm
OpMan\OpMan\Texture_Stations.htm
OpMan\OpMan\Texture_Stations1.htm
OpMan\OpMan\Transfer_Filling.htm
OpMan\OpMan\Turning_On_and_Off.htm
OpMan\OpMan\Turning_the_EDT_Machine_Off.htm
OpMan\OpMan\Turning_the_EDT_Machine_On.htm
OpMan\OpMan\Typical_roll_survey.htm
OpMan\OpMan\User_Interface.htm
OpMan\OpMan\User_interface_elements_and_conventions.htm
OpMan\OpMan\Using_the_Emergency_Switch.htm
OpMan\OpMan\Using_the_Pendant.htm
Test\CCAR\tESt_Training_Guide.htm
Video\Electrodes.htm
Video\Headstock.htm
Video\Rear_Tailstock.htm
Video\Texturing_Heads.htm
Video\Y-gauges.htm
Video\Headstock2.mp4
template\Theme3_Black\jquery.js
template\Theme1_Standard\jquery.js
template\Android_Tablet_Layout\jquery.js
template\Android_Tablet_Layout\jqueryui-custom.js
template\Theme3_Black\jqueryui-custom.js
template\Theme1_Standard\jqueryui-custom.js
template\Theme3_Black\layout.js
template\Theme1_Standard\layout.js
template\Android_Tablet_Layout\layout.js
Mechanical_Drawings_and_Parts_Lists.pdf
Drawings\mechanical_drawings_and_parts_lists.pdf
template\Theme3_Black\overthrow.min.js
template\Theme1_Standard\overthrow.min.js
template\Android_Tablet_Layout\overthrow.min.js
template\Android_Tablet_Layout\overthrow.sidescroller.min.js
template\Theme1_Standard\overthrow.sidescroller.min.js
template\Theme3_Black\overthrow.sidescroller.min.js
Video\RearTailstock.mp4
Video\Tex_Head.mp4
template\Charcoal_Grey\usersettings.js
index.glo
Test\CCAR\CCAR.css
CCAR.css
salesbuilder.css
template\Theme1_Standard\main.css
template\Theme1_Standard\jqueryui-custom.css
template\Charcoal_Grey\layout-rtl.css
template\Charcoal_Grey\layout.css
template\Android_Tablet_Layout\main.css
template\Android_Tablet_Layout\jqueryui-custom.css
template\Theme3_Black\main.css
template\Theme3_Black\jqueryui-custom.css
template\Theme3_Black\ui-bg_glass_75_d0e5f5_1x400.png
template\Theme3_Black\ui-bg_glass_85_dfeffc_1x400.png
template\Theme3_Black\ui-bg_gloss-wave_55_5c9ccc_500x100.png
template\Android_Tablet_Layout\TOCTreeLink.png
template\Android_Tablet_Layout\TOCTreeLinkSelected.png
template\Android_Tablet_Layout\TOCTreeLinkHover.png
template\Android_Tablet_Layout\TOCTreePage.png
template\Android_Tablet_Layout\TOCTreePageSelected.png
template\Android_Tablet_Layout\TOCTreePageHover.png
template\Android_Tablet_Layout\TOCTreeOpenBook.png
template\Android_Tablet_Layout\TOCTreeCloseBook.png
template\Android_Tablet_Layout\animated-overlay.gif
template\Android_Tablet_Layout\TOCNodeUpSmall.png
template\Android_Tablet_Layout\TOCNodeLink.png
template\Android_Tablet_Layout\TOCNodeOpenBook.png
template\Android_Tablet_Layout\TOCNodeCloseBook.png
template\Android_Tablet_Layout\TOCNodePage.png
template\Android_Tablet_Layout\search_hover_buttonbar_small.png
template\Android_Tablet_Layout\glo_buttonbar_small.png
template\Android_Tablet_Layout\index_hover_buttonbar_small.png
template\Android_Tablet_Layout\toc_buttonbar_small.png
template\Android_Tablet_Layout\glo_buttonbar_hover.png
template\Android_Tablet_Layout\glo_buttonbar.png
template\Android_Tablet_Layout\toc_buttonbar_hover.png
template\Android_Tablet_Layout\toc_buttonbar.png
template\Charcoal_Grey\slider_open_ltr.png
template\Charcoal_Grey\slider_ltr.png
template\Charcoal_Grey\slider_open_rtl.png
template\Charcoal_Grey\slider_rtl.png
template\Charcoal_Grey\filter_desktop.png
template\Charcoal_Grey\filter_tab.png
template\Charcoal_Grey\filter_tab_active.png
template\Charcoal_Grey\filter_mobile.png
template\Charcoal_Grey\filter_mark_radio.png
template\Charcoal_Grey\filter_mark.png
template\Charcoal_Grey\filter_nomark.png
template\Charcoal_Grey\toc_book_open_mobile.png
template\Charcoal_Grey\filter_clearall.png
template\Theme1_Standard\TOCTreeLinkHover.png
template\Theme1_Standard\TOCTreePageHover.png
template\Theme1_Standard\TOCTreeOpenBookSelected.png
template\Theme1_Standard\TOCTreeOpenBookHover.png
template\Theme3_Black\TOCTreeCloseBookSelected.png
template\Theme3_Black\TOCTreeCloseBookHover.png
template\Theme3_Black\open_sidebar.png
template\Android_Tablet_Layout\ui-bg_glass_95_fef1ec_1x400.png
template\Charcoal_Grey\search_mobile_navigation.png
template\Theme1_Standard\topic_right.png
template\Theme1_Standard\topic_left.png
template\Theme3_Black\index_hover.png
template\Theme3_Black\Print_hover.png
template\Theme3_Black\topic_hover.png
template\Android_Tablet_Layout\ui-bg_flat_0_aaaaaa_40x100.png
template\Charcoal_Grey\toc_link_desktop_ltr.png
template\Charcoal_Grey\next_active.png
template\Charcoal_Grey\glossary_desktop.png
template\Charcoal_Grey\glossary_tab.png
template\Charcoal_Grey\toc_tab_active.png
template\Charcoal_Grey\andsearch_mark.png
template\Charcoal_Grey\glossary_mobile.png
template\Charcoal_Grey\andsearch_nomark.png
template\Charcoal_Grey\toc_link_desktop_rtl.png
template\Theme3_Black\home_hover.png
template\Android_Tablet_Layout\Print_hover.png
template\Android_Tablet_Layout\index_hover.png
template\Android_Tablet_Layout\topic_hover.png
template\Charcoal_Grey\search_desktop_active.png
template\Charcoal_Grey\search_desktop_navigation.png
template\Charcoal_Grey\filter_desktop_applied.png
template\Theme1_Standard\ui-bg_glass_95_fef1ec_1x400.png
template\Theme1_Standard\ui-bg_glass_75_d0e5f5_1x400.png
template\Theme1_Standard\ui-bg_glass_85_dfeffc_1x400.png
template\Theme1_Standard\ui-bg_flat_0_aaaaaa_40x100.png
template\Theme3_Black\BSNext_hover.png
template\Theme3_Black\BSBack_hover.png
template\Theme3_Black\TOCTreeOpenBookHover.png
template\Theme3_Black\searchNext.png
template\Theme3_Black\select_button.png
template\Theme3_Black\search_buttonbar.png
template\Android_Tablet_Layout\ui-bg_inset-hard_100_fcfdfd_1x100.png
template\Android_Tablet_Layout\open_sidebar.png
template\Theme1_Standard\glo_hover.png
template\Theme1_Standard\Print_hover.png
template\Theme1_Standard\toc_hover.png
template\Theme1_Standard\TOCNodeUpSmall.png
template\Theme1_Standard\TOCNodeUp.png
template\Theme1_Standard\TOCNodeLink.png
template\Theme1_Standard\TOCNodePage.png
template\Theme1_Standard\TOCNodeOpenBook.png
template\Theme1_Standard\open_sidebar.png
template\Theme1_Standard\icon_back_small.png
template\Theme1_Standard\glo_buttonbar.png
template\Theme1_Standard\toc_buttonbar.png
template\Theme3_Black\glo_buttonbar_hover.png
template\Theme3_Black\toc_buttonbar_hover.png
template\Android_Tablet_Layout\TOCTreeOpenBookSelected.png
template\Android_Tablet_Layout\ui-bg_flat_55_fbec88_40x100.png
template\Android_Tablet_Layout\ui-bg_inset-hard_100_f5f8f9_1x100.png
template\Charcoal_Grey\previous_active.png
template\Charcoal_Grey\previous.png
template\Charcoal_Grey\previous_tab.png
template\Charcoal_Grey\search_mobile_active.png
template\Charcoal_Grey\filter_mobile_applied.png
template\Charcoal_Grey\toc_mobile.png
template\Charcoal_Grey\filter_mobile_active.png
template\Charcoal_Grey\toc_mobile_active.png
template\Charcoal_Grey\previous_mobile.png
template\Charcoal_Grey\filter_nomark_radio.png
template\Charcoal_Grey\idx_topic.png
template\Charcoal_Grey\toc_topic_desktop.png
template\Charcoal_Grey\toc_topic_mobile.png
OpMan\OpMan\image096.jpg
OpMan\OpMan\image094.gif
OpMan\OpMan\image093.jpg
OpMan\OpMan\image214.jpg
OpMan\OpMan\image367.gif
OpMan\OpMan\image007.jpg
OpMan\OpMan\image168.gif
OpMan\OpMan\image166.gif
OpMan\OpMan\image165.gif
OpMan\OpMan\image163.jpg
OpMan\OpMan\image161.gif
OpMan\OpMan\image159.gif
OpMan\OpMan\image157.gif
OpMan\OpMan\image155.jpg
OpMan\OpMan\image040.jpg
OpMan\OpMan\image038.jpg
OpMan\OpMan\image037.jpg
OpMan\OpMan\image365.jpg
OpMan\OpMan\image398.gif
OpMan\OpMan\image036.gif
OpMan\OpMan\image034.jpg
OpMan\OpMan\image033.jpg
OpMan\OpMan\image031.gif
OpMan\OpMan\image029.jpg
OpMan\OpMan\image027.jpg
OpMan\OpMan\image025.jpg
OpMan\OpMan\image044.gif
OpMan\OpMan\image105.jpg
OpMan\OpMan\image103.gif
OpMan\OpMan\image101.jpg
OpMan\OpMan\image149.jpg
OpMan\OpMan\image275.gif
OpMan\OpMan\image325.jpg
OpMan\OpMan\image323.gif
OpMan\OpMan\image400.jpg
OpMan\OpMan\image176.jpg
OpMan\OpMan\image174.jpg
OpMan\OpMan\image016.jpg
OpMan\OpMan\image131.gif
OpMan\OpMan\image129.gif
OpMan\OpMan\image127.gif
OpMan\OpMan\image125.gif
OpMan\OpMan\image123.gif
OpMan\OpMan\image121.gif
OpMan\OpMan\image119.gif
OpMan\OpMan\image117.gif
OpMan\OpMan\image115.gif
OpMan\OpMan\image113.gif
OpMan\OpMan\image111.gif
OpMan\OpMan\image109.gif
OpMan\OpMan\image107.gif
OpMan\OpMan\image191.gif
OpMan\OpMan\image213.gif
OpMan\OpMan\image211.gif
OpMan\OpMan\image209.gif
OpMan\OpMan\image207.gif
OpMan\OpMan\image205.gif
OpMan\OpMan\image203.gif
OpMan\OpMan\image201.gif
OpMan\OpMan\image199.gif
OpMan\OpMan\image197.gif
OpMan\OpMan\image195.gif
OpMan\OpMan\image193.jpg
OpMan\OpMan\image261.jpg
OpMan\OpMan\image259.gif
OpMan\OpMan\image258.jpg
OpMan\OpMan\image256.jpg
OpMan\OpMan\image254.gif
OpMan\OpMan\image252.gif
OpMan\OpMan\image250.jpg
OpMan\OpMan\image248.gif
OpMan\OpMan\image246.jpg
OpMan\OpMan\image244.jpg
OpMan\OpMan\image242.gif
OpMan\OpMan\image240.gif
OpMan\OpMan\image238.gif
OpMan\OpMan\image236.gif
OpMan\OpMan\image234.gif
OpMan\OpMan\image232.jpg
OpMan\OpMan\image230.jpg
OpMan\OpMan\image228.jpg
OpMan\OpMan\image226.jpg
OpMan\OpMan\image224.gif
OpMan\OpMan\image222.gif
OpMan\OpMan\image220.gif
OpMan\OpMan\image218.gif
OpMan\OpMan\image216.gif
OpMan\OpMan\image273.gif
OpMan\OpMan\image271.gif
OpMan\OpMan\image269.gif
OpMan\OpMan\image267.gif
OpMan\OpMan\image265.gif
OpMan\OpMan\image291.gif
OpMan\OpMan\image289.gif
OpMan\OpMan\image287.gif
OpMan\OpMan\image285.gif
OpMan\OpMan\image283.gif
OpMan\OpMan\image281.gif
OpMan\OpMan\image279.gif
OpMan\OpMan\image277.gif
OpMan\OpMan\image379.jpg
OpMan\OpMan\image152.jpg
OpMan\OpMan\image024.gif
OpMan\OpMan\image022.gif
OpMan\OpMan\image021.jpg
OpMan\OpMan\image019.jpg
OpMan\OpMan\image018.gif
OpMan\OpMan\image189.gif
OpMan\OpMan\image188.jpg
OpMan\OpMan\image186.gif
OpMan\OpMan\image184.gif
OpMan\OpMan\image182.gif
OpMan\OpMan\image263.gif
OpMan\OpMan\image293.jpg
OpMan\OpMan\image015.gif
OpMan\OpMan\image048.gif
OpMan\OpMan\image046.jpg
OpMan\OpMan\image312.jpg
OpMan\OpMan\image311.gif
OpMan\OpMan\image310.jpg
OpMan\OpMan\image309.jpg
OpMan\OpMan\image308.jpg
OpMan\OpMan\image307.jpg
OpMan\OpMan\image306.jpg
OpMan\OpMan\image304.jpg
OpMan\OpMan\image303.jpg
OpMan\OpMan\image302.jpg
OpMan\OpMan\image301.jpg
OpMan\OpMan\image299.jpg
OpMan\OpMan\image297.jpg
OpMan\OpMan\image295.gif
OpMan\OpMan\image396.gif
OpMan\OpMan\image061.jpg
OpMan\OpMan\image060.gif
OpMan\OpMan\image058.gif
OpMan\OpMan\image056.gif
OpMan\OpMan\image054.gif
OpMan\OpMan\image052.gif
OpMan\OpMan\image050.gif
OpMan\OpMan\image099.gif
OpMan\OpMan\image133.gif
OpMan\OpMan\image132.gif
OpMan\OpMan\image001.jpg
OpMan\OpMan\image091.gif
OpMan\OpMan\image089.gif
OpMan\OpMan\image087.gif
OpMan\OpMan\image085.gif
OpMan\OpMan\image083.gif
OpMan\OpMan\image081.gif
OpMan\OpMan\image079.jpg
OpMan\OpMan\image077.gif
OpMan\OpMan\image075.gif
OpMan\OpMan\image074.gif
OpMan\OpMan\image073.jpg
OpMan\OpMan\image071.jpg
OpMan\OpMan\image069.jpg
OpMan\OpMan\image067.gif
OpMan\OpMan\image065.jpg
OpMan\OpMan\image154.gif
OpMan\OpMan\image147.gif
OpMan\OpMan\image145.jpg
OpMan\OpMan\image143.gif
OpMan\OpMan\image141.gif
OpMan\OpMan\image139.gif
OpMan\OpMan\image137.gif
OpMan\OpMan\image135.gif
OpMan\OpMan\image172.gif
OpMan\OpMan\image170.gif
OpMan\OpMan\image339.gif
OpMan\OpMan\image338.jpg
OpMan\OpMan\image336.gif
OpMan\OpMan\image335.jpg
OpMan\OpMan\image333.jpg
OpMan\OpMan\image331.jpg
OpMan\OpMan\image329.jpg
OpMan\OpMan\image327.gif
OpMan\OpMan\image377.gif
OpMan\OpMan\image373.jpg
OpMan\OpMan\image371.jpg
OpMan\OpMan\image369.gif
OpMan\OpMan\image375.jpg
OpMan\OpMan\image392.jpg
OpMan\OpMan\image390.jpg
OpMan\OpMan\image388.jpg
OpMan\OpMan\image386.jpg
OpMan\OpMan\image384.jpg
OpMan\OpMan\image382.jpg
OpMan\OpMan\image380.gif
OpMan\OpMan\image004.gif
OpMan\OpMan\image013.jpg
OpMan\OpMan\image011.gif
OpMan\OpMan\image180.gif
OpMan\OpMan\image178.jpg
OpMan\OpMan\image363.jpg
OpMan\OpMan\image042.gif
OpMan\OpMan\image006.gif
OpMan\OpMan\image321.jpg
OpMan\OpMan\image319.jpg
OpMan\OpMan\image317.jpg
OpMan\OpMan\image002.jpg
OpMan\OpMan\image316.gif
OpMan\OpMan\image314.jpg
OpMan\OpMan\image362.gif
OpMan\OpMan\image361.gif
OpMan\OpMan\image360.gif
OpMan\OpMan\image359.jpg
OpMan\OpMan\image357.jpg
OpMan\OpMan\image355.jpg
OpMan\OpMan\image353.gif
OpMan\OpMan\image352.gif
OpMan\OpMan\image351.gif
OpMan\OpMan\image350.gif
OpMan\OpMan\image349.gif
OpMan\OpMan\image348.gif
OpMan\OpMan\image346.gif
OpMan\OpMan\image345.gif
OpMan\OpMan\image344.gif
OpMan\OpMan\image343.jpg
OpMan\OpMan\image341.gif
OpMan\OpMan\image394.jpg
template\Theme3_Black\BSNext.png
template\Theme3_Black\BSBack.png
template\Theme3_Black\topic_left.png
template\Theme3_Black\index.png
template\Theme3_Black\Print.png
template\Theme3_Black\home.png
template\Theme3_Black\Search.png
template\Theme3_Black\glo.png
template\Theme3_Black\toc.png
template\Theme3_Black\logo.png
template\Theme3_Black\search_advanced_closed.png
template\Theme3_Black\search_advanced_open.png
template\Theme3_Black\topic_buttonbar_small.png
template\Theme3_Black\glo_hover_buttonbar_small.png
template\Theme3_Black\index_buttonbar_small.png
template\Theme3_Black\toc_hover_buttonbar_small.png
template\Theme3_Black\switch.png
template\Theme3_Black\topic.png
template\Theme3_Black\index_buttonbar_hover.png
template\Theme3_Black\to_top.png
template\Android_Tablet_Layout\search_buttonbar_small.png
template\Android_Tablet_Layout\search_buttonbar_hover.png
template\Charcoal_Grey\top.png
template\Charcoal_Grey\print_desktop.png
template\Charcoal_Grey\next.png
template\Charcoal_Grey\index_desktop.png
template\Charcoal_Grey\index_tab.png
template\Charcoal_Grey\toc_tab.png
template\Charcoal_Grey\index_tab_active.png
template\Charcoal_Grey\index_mobile.png
template\Charcoal_Grey\logo.png
template\Charcoal_Grey\loading.gif
template\Theme1_Standard\ui-icons_f9bd01_256x240.png
template\Theme1_Standard\ui-icons_d8e7f3_256x240.png
template\Theme1_Standard\index_hover_buttonbar_small.png
template\Theme3_Black\close_sidebar.png
template\Theme3_Black\glo_buttonbar_small.png
template\Theme3_Black\toc_buttonbar_small.png
template\Android_Tablet_Layout\topic_left.png
template\Android_Tablet_Layout\search_advanced_closed.png
template\Android_Tablet_Layout\search_advanced_open.png
template\Android_Tablet_Layout\topic_buttonbar_small.png
template\Android_Tablet_Layout\index_buttonbar_small.png
template\Android_Tablet_Layout\index_buttonbar_hover.png
template\Charcoal_Grey\glossary_tab_active.png
template\Charcoal_Grey\previous_tab_active.png
template\Charcoal_Grey\index_mobile_active.png
template\Charcoal_Grey\next_mobile_active.png
template\Charcoal_Grey\next_mobile.png
template\Theme1_Standard\TOCTreeLinkSelected.png
template\Theme1_Standard\TOCTreePageSelected.png
template\Theme1_Standard\close_sidebar.png
template\Theme1_Standard\glo_hover_buttonbar_small.png
template\Theme1_Standard\toc_hover_buttonbar_small.png
template\Theme3_Black\topic_right.png
template\Charcoal_Grey\social_close_ltr.png
template\Charcoal_Grey\toc_book_closed_desktop_ltr.png
template\Charcoal_Grey\toc_book_closed_mobile_ltr.png
template\Charcoal_Grey\social_close_rtl.png
template\Charcoal_Grey\social_open.png
template\Charcoal_Grey\toc_book_open_desktop.png
template\Charcoal_Grey\toc_book_open_drildown.png
template\Charcoal_Grey\toc_book_closed_desktop_rtl.png
template\Charcoal_Grey\toc_book_closed_mobile_rtl.png
template\Theme1_Standard\Search.png
template\Theme1_Standard\searchNext.png
template\Theme1_Standard\searchBack.png
template\Theme3_Black\TOCTreeOpenBookSelected.png
template\Theme3_Black\searchBack.png
template\Theme3_Black\index_buttonbar.png
template\Android_Tablet_Layout\BSNext_hover.png
template\Android_Tablet_Layout\BSBack_hover.png
template\Android_Tablet_Layout\searchNext.png
template\Android_Tablet_Layout\select_button.png
template\Android_Tablet_Layout\glo_hover_buttonbar_small.png
template\Android_Tablet_Layout\toc_hover_buttonbar_small.png
template\Android_Tablet_Layout\search_buttonbar.png
template\Charcoal_Grey\toc_link_mobile_ltr.png
template\Charcoal_Grey\glossary_mobile_active.png
template\Charcoal_Grey\previous_mobile_active.png
template\Charcoal_Grey\toc_link_mobile_rtl.png
template\Theme3_Black\TOCTreeLinkSelected.png
template\Theme3_Black\TOCTreePageSelected.png
template\Theme3_Black\ui-bg_inset-hard_100_f5f8f9_1x100.png
template\Theme3_Black\icon_back_small.png
template\Theme3_Black\search_buttonbar_small.png
template\Theme3_Black\search_buttonbar_hover.png
template\Android_Tablet_Layout\home_hover.png
template\Charcoal_Grey\filter_mobile_applied_active.png
template\Theme1_Standard\BSBack_hover.png
template\Theme1_Standard\BSBack.png
template\Theme1_Standard\glo.png
template\Theme1_Standard\Print.png
template\Theme1_Standard\home.png
template\Theme1_Standard\index.png
template\Theme1_Standard\toc.png
template\Theme1_Standard\logo.png
template\Theme1_Standard\ui-icons_2e83ff_256x240.png
template\Theme1_Standard\topic.png
Box_Arrow_Black_Down.gif
template\Theme3_Black\ui-bg_flat_55_fbec88_40x100.png
template\Android_Tablet_Layout\TOCTreeOpenBookHover.png
template\Theme1_Standard\ui-icons_cd0a0a_256x240.png
template\Theme1_Standard\ui-bg_inset-hard_100_f5f8f9_1x100.png
template\Theme1_Standard\ui-bg_inset-hard_100_fcfdfd_1x100.png
Box_Arrow_Black_Right.gif
template\Theme3_Black\glo_hover.png
template\Theme3_Black\toc_hover.png
template\Theme3_Black\ui-bg_inset-hard_100_fcfdfd_1x100.png
template\Theme3_Black\ui-bg_flat_0_aaaaaa_40x100.png
template\Android_Tablet_Layout\TOCTreeCloseBookSelected.png
template\Android_Tablet_Layout\TOCTreeCloseBookHover.png
template\Charcoal_Grey\search_tab.png
template\Charcoal_Grey\search_tab_active.png
template\Charcoal_Grey\search_mobile.png
template\Charcoal_Grey\search_desktop.png
template\Theme1_Standard\TOCTreeCloseBookSelected.png
template\Theme1_Standard\TOCTreeCloseBookHover.png
template\Theme1_Standard\ui-icons_217bc0_256x240.png
template\Theme1_Standard\ui-icons_469bdd_256x240.png
template\Theme1_Standard\TOCTreeCloseBook.png
template\Theme1_Standard\TOCNodeCloseBook.png
template\Theme1_Standard\index_buttonbar_small.png
template\Theme1_Standard\index_buttonbar_hover.png
template\Android_Tablet_Layout\icon_back_small.png
template\Theme1_Standard\animated-overlay.gif
template\Theme1_Standard\search_advanced_closed.png
template\Theme1_Standard\search_advanced_open.png
template\Theme1_Standard\glo_buttonbar_small.png
template\Theme1_Standard\toc_buttonbar_small.png
template\Theme1_Standard\glo_buttonbar_hover.png
template\Theme1_Standard\toc_buttonbar_hover.png
template\Theme3_Black\TOCTreeLink.png
template\Theme3_Black\TOCTreeLinkHover.png
template\Theme3_Black\TOCTreePage.png
template\Theme3_Black\TOCTreePageHover.png
template\Theme3_Black\TOCTreeOpenBook.png
template\Theme3_Black\TOCTreeCloseBook.png
template\Theme3_Black\animated-overlay.gif
template\Theme3_Black\TOCNodeUpSmall.png
template\Theme3_Black\TOCNodeUp.png
template\Theme3_Black\TOCNodeLink.png
template\Theme3_Black\TOCNodeOpenBook.png
template\Theme3_Black\TOCNodeCloseBook.png
template\Theme3_Black\TOCNodePage.png
template\Theme3_Black\glo_buttonbar.png
template\Theme3_Black\toc_buttonbar.png
template\Android_Tablet_Layout\ui-bg_gloss-wave_55_5c9ccc_500x100.png
template\Android_Tablet_Layout\searchBack.png
template\Android_Tablet_Layout\index_buttonbar.png
template\Charcoal_Grey\search_mobile_navigation_active.png
template\Theme1_Standard\BSNext_hover.png
template\Theme1_Standard\BSNext.png
template\Theme1_Standard\home_hover.png
template\Theme1_Standard\index_hover.png
template\Theme1_Standard\ui-bg_gloss-wave_55_5c9ccc_500x100.png
template\Theme1_Standard\select_button.png
template\Theme1_Standard\TOCTreeLink.png
template\Theme1_Standard\TOCTreeOpenBook.png
template\Theme1_Standard\TOCTreePage.png
template\Theme1_Standard\switch.png
template\Theme1_Standard\index_buttonbar.png
template\Theme1_Standard\to_top.png
template\Theme3_Black\ui-bg_glass_95_fef1ec_1x400.png
template\Android_Tablet_Layout\topic_right.png
template\Charcoal_Grey\toc_desktop.png
template\Charcoal_Grey\next_tab_active.png
template\Charcoal_Grey\next_tab.png
template\Charcoal_Grey\back_to_topic.png
template\Theme1_Standard\ui-icons_6da8d5_256x240.png
template\Theme3_Black\search_hover_buttonbar_small.png
template\Theme3_Black\index_hover_buttonbar_small.png
template\Android_Tablet_Layout\BSNext.png
template\Android_Tablet_Layout\BSBack.png
template\Android_Tablet_Layout\glo_hover.png
template\Android_Tablet_Layout\glo.png
template\Android_Tablet_Layout\Print.png
template\Android_Tablet_Layout\home.png
template\Android_Tablet_Layout\Search.png
template\Android_Tablet_Layout\index.png
template\Android_Tablet_Layout\toc_hover.png
template\Android_Tablet_Layout\toc.png
template\Android_Tablet_Layout\logo.png
template\Android_Tablet_Layout\ui-bg_glass_75_d0e5f5_1x400.png
template\Android_Tablet_Layout\ui-bg_glass_85_dfeffc_1x400.png
template\Android_Tablet_Layout\TOCNodeUp.png
template\Android_Tablet_Layout\close_sidebar.png
template\Android_Tablet_Layout\switch.png
template\Android_Tablet_Layout\topic.png
template\Android_Tablet_Layout\to_top.png
template\Charcoal_Grey\filter_tab_applied.png
template\Charcoal_Grey\filter_tab_applied_active.png
template\Charcoal_Grey\back_mobile_filter.png
template\Theme1_Standard\ui-bg_flat_55_fbec88_40x100.png
template\Theme1_Standard\search_hover_buttonbar_small.png
template\Theme1_Standard\search_buttonbar_small.png
template\Theme1_Standard\search_buttonbar_hover.png
template\Theme1_Standard\search_buttonbar.png
RoboHHRE.lng
ehlpdhtm.js
index.html
SearchOptions.xml
Mobile_App_config.xml
whxdata\toc2.js
whxdata\toc2.new.js
whxdata\toc4.js
whxdata\toc4.new.js
whxdata\toc5.js
whxdata\toc5.new.js
whxdata\toc3.js
whxdata\toc3.new.js
whxdata\toc7.js
whxdata\toc7.new.js
whxdata\toc9.js
whxdata\toc9.new.js
whxdata\toc8.js
whxdata\toc8.new.js
whxdata\toc6.js
whxdata\toc6.new.js
whxdata\toc10.js
whxdata\toc10.new.js
whxdata\toc13.js
whxdata\toc13.new.js
whxdata\toc12.js
whxdata\toc12.new.js
whxdata\toc11.js
whxdata\toc11.new.js
whxdata\toc15.js
whxdata\toc15.new.js
whxdata\toc17.js
whxdata\toc17.new.js
whxdata\toc18.js
whxdata\toc18.new.js
whxdata\toc19.js
whxdata\toc19.new.js
whxdata\toc20.js
whxdata\toc20.new.js
whxdata\toc16.js
whxdata\toc16.new.js
whxdata\toc22.js
whxdata\toc22.new.js
whxdata\toc21.js
whxdata\toc21.new.js
whxdata\toc14.js
whxdata\toc14.new.js
whxdata\toc23.js
whxdata\toc23.new.js
whxdata\toc25.js
whxdata\toc25.new.js
whxdata\toc26.js
whxdata\toc26.new.js
whxdata\toc24.js
whxdata\toc24.new.js
whxdata\toc28.js
whxdata\toc28.new.js
whxdata\toc27.js
whxdata\toc27.new.js
whxdata\toc29.js
whxdata\toc29.new.js
whxdata\toc1.js
whxdata\toc1.new.js
whxdata\toc.js
whxdata\toc.new.js
whxdata\idata1.js
whxdata\idata1.new.js
whxdata\idata2.js
whxdata\idata2.new.js
whxdata\idata3.js
whxdata\idata3.new.js
whxdata\idx.js
whxdata\idx.new.js
whxdata\glo.js
whxdata\glo.new.js
whxdata\package_0_xml.js
whxdata\package_1_xml.js
whxdata\package_2_xml.js
whxdata\package_3_xml.js
whxdata\package_4_xml.js
whxdata\package_5_xml.js
whxdata\package_6_xml.js
whxdata\package_7_xml.js
whxdata\package_8_xml.js
whxdata\package_9_xml.js
whxdata\package_10_xml.js
whxdata\package_11_xml.js
whxdata\package_12_xml.js
whxdata\package_13_xml.js
whxdata\package_14_xml.js
whxdata\package_15_xml.js
whxdata\package_16_xml.js
whxdata\package_17_xml.js
whxdata\package_18_xml.js
whxdata\package_19_xml.js
whxdata\package_20_xml.js
whxdata\package_21_xml.js
whxdata\package_22_xml.js
whxdata\packageindex_xml.js
whxdata\synonym.xml
whxdata\synonym_xml.js
whxdata\topictable_0_xml.js
whxdata\topictable_1_xml.js
whxdata\topictable_2_xml.js
whxdata\topictableindex_xml.js
whxdata\whfts.xml
whxdata\whfts_xml.js
whxdata\csh.js
whxdata\window.js
projectdata.js
